<?xml version="1.0" encoding="UTF-8"?>
<!-- Generated by org.testng.reporters.JUnitReportReporter -->
<testsuite hostname="UtpalLade" failures="0" tests="1" name="com.safe.qa.util.TestUtil" time="0.007" errors="0" timestamp="2024-06-14T12:09:46 IST" skipped="0">
  <testcase classname="com.safe.qa.util.TestUtil" name="set" time="0.007"/>
</testsuite> <!-- com.safe.qa.util.TestUtil -->
