<?xml version="1.0" encoding="UTF-8"?>
<!-- Generated by org.testng.reporters.JUnitReportReporter -->
<testsuite hostname="UtpalLade" failures="0" tests="1" name="com.safe.qa.tastcases.ContentPageTest" time="33.103" errors="0" timestamp="2024-06-12T17:31:46 IST" skipped="0">
  <testcase classname="com.safe.qa.tastcases.ContentPageTest" name="validateDeleteAddNewQuestiontest" time="33.103"/>
</testsuite> <!-- com.safe.qa.tastcases.ContentPageTest -->
