<?xml version="1.0" encoding="UTF-8"?>
<!-- Generated by org.testng.reporters.JUnitReportReporter -->
<testsuite hostname="UtpalLade" failures="0" tests="1" name="com.safe.qa.tastcases.HomePageTest" time="35.119" errors="0" timestamp="2024-06-09T19:40:54 IST" skipped="0">
  <testcase classname="com.safe.qa.tastcases.HomePageTest" name="verifyContentButtontest" time="35.119"/>
</testsuite> <!-- com.safe.qa.tastcases.HomePageTest -->
