<?xml version="1.0" encoding="UTF-8"?>
<!-- Generated by org.testng.reporters.JUnitReportReporter -->
<testsuite hostname="UtpalLade" failures="0" tests="3" name="com.safe.qa.tastcases.LoginPagetest" time="27.553" errors="0" timestamp="2024-06-08T19:56:38 IST" skipped="0">
  <testcase classname="com.safe.qa.tastcases.LoginPagetest" name="verifyPageTitle" time="3.446"/>
  <testcase classname="com.safe.qa.tastcases.LoginPagetest" name="safeLogoImageTest" time="15.933"/>
  <testcase classname="com.safe.qa.tastcases.LoginPagetest" name="loginTest" time="8.174"/>
</testsuite> <!-- com.safe.qa.tastcases.LoginPagetest -->
