<?xml version="1.0" encoding="UTF-8"?>
<!-- Generated by org.testng.reporters.JUnitReportReporter -->
<testsuite hostname="UtpalLade" failures="0" tests="1" name="com.safe.qa.tastcases.UserDetailsPageTest" time="45.179" errors="0" timestamp="2024-06-09T19:11:35 IST" skipped="0">
  <testcase classname="com.safe.qa.tastcases.UserDetailsPageTest" name="validateheaderEmailTest" time="45.179"/>
</testsuite> <!-- com.safe.qa.tastcases.UserDetailsPageTest -->
