<?xml version="1.0" encoding="UTF-8"?>
<!-- Generated by org.testng.reporters.JUnitReportReporter -->
<testsuite hostname="UtpalLade" failures="0" tests="1" name="com.safe.qa.tastcases.MyProfilePageTest" time="27.084" errors="0" timestamp="2024-06-10T12:47:36 IST" skipped="0">
  <testcase classname="com.safe.qa.tastcases.MyProfilePageTest" name="validateuploadImageTest" time="27.084"/>
</testsuite> <!-- com.safe.qa.tastcases.MyProfilePageTest -->
