<?xml version="1.0" encoding="UTF-8"?>
<!-- Generated by org.testng.reporters.JUnitReportReporter -->
<testsuite hostname="UtpalLade" failures="0" tests="1" name="com.safe.qa.tastcases.PeoplePageTest" time="48.698" errors="0" timestamp="2024-06-14T12:32:10 IST" skipped="0">
  <testcase classname="com.safe.qa.tastcases.PeoplePageTest" name="creatNewMemberUserTest" time="48.698"/>
</testsuite> <!-- com.safe.qa.tastcases.PeoplePageTest -->
